2018-09-14 16:29:40,267 - BrowserEngine - INFO - You had select Chrome browser.
2018-09-14 16:29:40,267 - BrowserEngine - INFO - The test server url is: https://www.baidu.com
2018-09-14 16:29:46,548 - BrowserEngine - INFO - Starting Chrome browser.
2018-09-14 16:29:51,104 - BrowserEngine - INFO - Open url: https://www.baidu.com
2018-09-14 16:29:52,241 - BrowserEngine - INFO - Maximize the current window.
2018-09-14 16:29:52,244 - BrowserEngine - INFO - Set implicitly wait 10 seconds.
2018-09-14 16:29:52,283 - BasePage - INFO - Had find the element '  ' successful by id via value: kw 
2018-09-14 16:29:52,450 - BasePage - INFO - Had type ' selenium ' in inputBox
2018-09-14 16:29:52,492 - BasePage - INFO - Had find the element '  ' successful by xpath via value: //*[@id='su'] 
2018-09-14 16:29:52,593 - BasePage - INFO - The element '  ' was clicked.
2018-09-14 16:29:54,889 - BasePage - INFO - Had take screenshot and save to folder : /screenshots
2018-09-14 16:29:54,921 - BasePage - INFO - Had find the element '  ' successful by id via value: kw 
2018-09-14 16:29:55,022 - BasePage - INFO - Had type ' python ' in inputBox
2018-09-14 16:29:55,047 - BasePage - INFO - Had find the element '  ' successful by xpath via value: //*[@id='su'] 
2018-09-14 16:29:55,110 - BasePage - INFO - The element '  ' was clicked.
2018-09-14 16:29:57,407 - BasePage - INFO - Had take screenshot and save to folder : /screenshots
2018-09-14 16:30:00,540 - BrowserEngine - INFO - You had select Chrome browser.
2018-09-14 16:30:00,540 - BrowserEngine - INFO - The test server url is: https://www.baidu.com
2018-09-14 16:30:09,470 - BrowserEngine - INFO - Starting Chrome browser.
2018-09-14 16:30:11,437 - BrowserEngine - INFO - Open url: https://www.baidu.com
2018-09-14 16:30:12,606 - BrowserEngine - INFO - Maximize the current window.
2018-09-14 16:30:12,611 - BrowserEngine - INFO - Set implicitly wait 10 seconds.
